[2024-12-22T17:38:38.522+0000] {local_task_job_runner.py:123} INFO - ::group::Pre task execution logs
[2024-12-22T17:38:38.544+0000] {taskinstance.py:2613} INFO - Dependencies all met for dep_context=non-requeueable deps ti=<TaskInstance: dag_top_best_sellers_books.create_books_analytics_table manual__2024-12-22T17:37:46.953026+00:00 [queued]>
[2024-12-22T17:38:38.558+0000] {taskinstance.py:2613} INFO - Dependencies all met for dep_context=requeueable deps ti=<TaskInstance: dag_top_best_sellers_books.create_books_analytics_table manual__2024-12-22T17:37:46.953026+00:00 [queued]>
[2024-12-22T17:38:38.561+0000] {taskinstance.py:2866} INFO - Starting attempt 1 of 2
[2024-12-22T17:38:38.582+0000] {taskinstance.py:2889} INFO - Executing <Task(PostgresOperator): create_books_analytics_table> on 2024-12-22 17:37:46.953026+00:00
[2024-12-22T17:38:38.595+0000] {warnings.py:112} WARNING - /home/***/.local/lib/python3.12/site-packages/***/task/task_runner/standard_task_runner.py:70: DeprecationWarning: This process (pid=1806) is multi-threaded, use of fork() may lead to deadlocks in the child.
  pid = os.fork()

[2024-12-22T17:38:38.582+0000] {standard_task_runner.py:72} INFO - Started process 1808 to run task
[2024-12-22T17:38:38.580+0000] {standard_task_runner.py:104} INFO - Running: ['***', 'tasks', 'run', 'dag_top_best_sellers_books', 'create_books_analytics_table', 'manual__2024-12-22T17:37:46.953026+00:00', '--job-id', '63', '--raw', '--subdir', 'DAGS_FOLDER/dag.py', '--cfg-path', '/tmp/tmp07d543mo']
[2024-12-22T17:38:38.587+0000] {standard_task_runner.py:105} INFO - Job 63: Subtask create_books_analytics_table
[2024-12-22T17:38:38.932+0000] {task_command.py:467} INFO - Running <TaskInstance: dag_top_best_sellers_books.create_books_analytics_table manual__2024-12-22T17:37:46.953026+00:00 [running]> on host c50092bbd7fa
[2024-12-22T17:38:39.038+0000] {taskinstance.py:3132} INFO - Exporting env vars: AIRFLOW_CTX_DAG_OWNER='***' AIRFLOW_CTX_DAG_ID='dag_top_best_sellers_books' AIRFLOW_CTX_TASK_ID='create_books_analytics_table' AIRFLOW_CTX_EXECUTION_DATE='2024-12-22T17:37:46.953026+00:00' AIRFLOW_CTX_TRY_NUMBER='1' AIRFLOW_CTX_DAG_RUN_ID='manual__2024-12-22T17:37:46.953026+00:00'
[2024-12-22T17:38:39.041+0000] {taskinstance.py:731} INFO - ::endgroup::
[2024-12-22T17:38:39.056+0000] {sql.py:278} INFO - Executing: CREATE TABLE books_analytics AS
SELECT 
    b.book_id,
    b.title,
    b.price,
    b.rating,
    b.image,
    a.author AS author_name,
    d.date AS publication_date,
    d.year AS publication_year,
    d.month AS publication_month
FROM 
    books b
LEFT JOIN 
    author_dim a ON b.author_id = a.author_id
LEFT JOIN 
    date_dim d ON b.date_id = d.date_id;
[2024-12-22T17:38:39.067+0000] {base.py:84} INFO - Retrieving connection 'books_connection'
[2024-12-22T17:38:39.085+0000] {base.py:84} INFO - Retrieving connection 'books_connection'
[2024-12-22T17:38:39.103+0000] {sql.py:553} INFO - Running statement: CREATE TABLE books_analytics AS
SELECT 
    b.book_id,
    b.title,
    b.price,
    b.rating,
    b.image,
    a.author AS author_name,
    d.date AS publication_date,
    d.year AS publication_year,
    d.month AS publication_month
FROM 
    books b
LEFT JOIN 
    author_dim a ON b.author_id = a.author_id
LEFT JOIN 
    date_dim d ON b.date_id = d.date_id;, parameters: None
[2024-12-22T17:38:39.118+0000] {sql.py:562} INFO - Rows affected: 51
[2024-12-22T17:38:39.160+0000] {taskinstance.py:340} INFO - ::group::Post task execution logs
[2024-12-22T17:38:39.164+0000] {taskinstance.py:352} INFO - Marking task as SUCCESS. dag_id=dag_top_best_sellers_books, task_id=create_books_analytics_table, run_id=manual__2024-12-22T17:37:46.953026+00:00, execution_date=20241222T173746, start_date=20241222T173838, end_date=20241222T173839
[2024-12-22T17:38:39.222+0000] {local_task_job_runner.py:266} INFO - Task exited with return code 0
[2024-12-22T17:38:39.510+0000] {taskinstance.py:3895} INFO - 0 downstream tasks scheduled from follow-on schedule check
[2024-12-22T17:38:39.517+0000] {local_task_job_runner.py:245} INFO - ::endgroup::
