[2024-12-22T15:56:38.261+0000] {local_task_job_runner.py:123} INFO - ::group::Pre task execution logs
[2024-12-22T15:56:38.330+0000] {taskinstance.py:2613} INFO - Dependencies all met for dep_context=non-requeueable deps ti=<TaskInstance: dag_top_best_sellers_books.create_author_dim_table manual__2024-12-22T14:55:10.356955+00:00 [queued]>
[2024-12-22T15:56:38.368+0000] {taskinstance.py:2613} INFO - Dependencies all met for dep_context=requeueable deps ti=<TaskInstance: dag_top_best_sellers_books.create_author_dim_table manual__2024-12-22T14:55:10.356955+00:00 [queued]>
[2024-12-22T15:56:38.371+0000] {taskinstance.py:2866} INFO - Starting attempt 2 of 3
[2024-12-22T15:56:38.431+0000] {taskinstance.py:2889} INFO - Executing <Task(PostgresOperator): create_author_dim_table> on 2024-12-22 14:55:10.356955+00:00
[2024-12-22T15:56:38.458+0000] {warnings.py:112} WARNING - /home/***/.local/lib/python3.12/site-packages/***/task/task_runner/standard_task_runner.py:70: DeprecationWarning: This process (pid=763) is multi-threaded, use of fork() may lead to deadlocks in the child.
  pid = os.fork()

[2024-12-22T15:56:38.482+0000] {standard_task_runner.py:72} INFO - Started process 765 to run task
[2024-12-22T15:56:38.477+0000] {standard_task_runner.py:104} INFO - Running: ['***', 'tasks', 'run', 'dag_top_best_sellers_books', 'create_author_dim_table', 'manual__2024-12-22T14:55:10.356955+00:00', '--job-id', '29', '--raw', '--subdir', 'DAGS_FOLDER/dag_test.py', '--cfg-path', '/tmp/tmpi2rrwcui']
[2024-12-22T15:56:38.500+0000] {standard_task_runner.py:105} INFO - Job 29: Subtask create_author_dim_table
[2024-12-22T15:56:43.279+0000] {task_command.py:467} INFO - Running <TaskInstance: dag_top_best_sellers_books.create_author_dim_table manual__2024-12-22T14:55:10.356955+00:00 [running]> on host c50092bbd7fa
[2024-12-22T15:56:44.337+0000] {taskinstance.py:3132} INFO - Exporting env vars: AIRFLOW_CTX_DAG_OWNER='***' AIRFLOW_CTX_DAG_ID='dag_top_best_sellers_books' AIRFLOW_CTX_TASK_ID='create_author_dim_table' AIRFLOW_CTX_EXECUTION_DATE='2024-12-22T14:55:10.356955+00:00' AIRFLOW_CTX_TRY_NUMBER='2' AIRFLOW_CTX_DAG_RUN_ID='manual__2024-12-22T14:55:10.356955+00:00'
[2024-12-22T15:56:44.346+0000] {taskinstance.py:731} INFO - ::endgroup::
[2024-12-22T15:56:44.439+0000] {sql.py:278} INFO - Executing: CREATE TABLE IF NOT EXISTS author_dim (
    author_id SERIAL PRIMARY KEY,  -- Identifiant unique pour chaque auteur
    author VARCHAR NOT NULL        -- Nom de l'auteur
);
[2024-12-22T15:56:44.567+0000] {base.py:84} INFO - Retrieving connection 'books_connection'
[2024-12-22T15:56:44.714+0000] {base.py:84} INFO - Retrieving connection 'books_connection'
[2024-12-22T15:56:44.777+0000] {sql.py:553} INFO - Running statement: CREATE TABLE IF NOT EXISTS author_dim (
    author_id SERIAL PRIMARY KEY,  -- Identifiant unique pour chaque auteur
    author VARCHAR NOT NULL        -- Nom de l'auteur
);, parameters: None
[2024-12-22T15:56:44.971+0000] {taskinstance.py:340} INFO - ::group::Post task execution logs
[2024-12-22T15:56:44.977+0000] {taskinstance.py:352} INFO - Marking task as SUCCESS. dag_id=dag_top_best_sellers_books, task_id=create_author_dim_table, run_id=manual__2024-12-22T14:55:10.356955+00:00, execution_date=20241222T145510, start_date=20241222T155638, end_date=20241222T155644
[2024-12-22T15:56:45.094+0000] {local_task_job_runner.py:266} INFO - Task exited with return code 0
[2024-12-22T15:56:45.976+0000] {taskinstance.py:3895} INFO - 0 downstream tasks scheduled from follow-on schedule check
[2024-12-22T15:56:45.986+0000] {local_task_job_runner.py:245} INFO - ::endgroup::
