[2024-12-22T14:56:55.877+0000] {local_task_job_runner.py:123} INFO - ::group::Pre task execution logs
[2024-12-22T14:56:56.045+0000] {taskinstance.py:2613} INFO - Dependencies all met for dep_context=non-requeueable deps ti=<TaskInstance: dag_top_best_sellers_books.create_books_table manual__2024-12-22T14:55:10.356955+00:00 [queued]>
[2024-12-22T14:56:56.121+0000] {taskinstance.py:2613} INFO - Dependencies all met for dep_context=requeueable deps ti=<TaskInstance: dag_top_best_sellers_books.create_books_table manual__2024-12-22T14:55:10.356955+00:00 [queued]>
[2024-12-22T14:56:56.131+0000] {taskinstance.py:2866} INFO - Starting attempt 1 of 2
[2024-12-22T14:56:56.243+0000] {taskinstance.py:2889} INFO - Executing <Task(PostgresOperator): create_books_table> on 2024-12-22 14:55:10.356955+00:00
[2024-12-22T14:56:56.306+0000] {warnings.py:112} WARNING - /home/***/.local/lib/python3.12/site-packages/***/task/task_runner/standard_task_runner.py:70: DeprecationWarning: This process (pid=162) is multi-threaded, use of fork() may lead to deadlocks in the child.
  pid = os.fork()

[2024-12-22T14:56:56.341+0000] {standard_task_runner.py:72} INFO - Started process 166 to run task
[2024-12-22T14:56:56.345+0000] {standard_task_runner.py:104} INFO - Running: ['***', 'tasks', 'run', 'dag_top_best_sellers_books', 'create_books_table', 'manual__2024-12-22T14:55:10.356955+00:00', '--job-id', '11', '--raw', '--subdir', 'DAGS_FOLDER/dag_test.py', '--cfg-path', '/tmp/tmpyivzd3kn']
[2024-12-22T14:56:56.374+0000] {standard_task_runner.py:105} INFO - Job 11: Subtask create_books_table
[2024-12-22T14:56:57.653+0000] {task_command.py:467} INFO - Running <TaskInstance: dag_top_best_sellers_books.create_books_table manual__2024-12-22T14:55:10.356955+00:00 [running]> on host c50092bbd7fa
[2024-12-22T14:56:58.297+0000] {taskinstance.py:3132} INFO - Exporting env vars: AIRFLOW_CTX_DAG_OWNER='***' AIRFLOW_CTX_DAG_ID='dag_top_best_sellers_books' AIRFLOW_CTX_TASK_ID='create_books_table' AIRFLOW_CTX_EXECUTION_DATE='2024-12-22T14:55:10.356955+00:00' AIRFLOW_CTX_TRY_NUMBER='1' AIRFLOW_CTX_DAG_RUN_ID='manual__2024-12-22T14:55:10.356955+00:00'
[2024-12-22T14:56:58.306+0000] {taskinstance.py:731} INFO - ::endgroup::
[2024-12-22T14:56:58.365+0000] {sql.py:278} INFO - Executing: CREATE TABLE IF NOT EXISTS books (
    book_id SERIAL PRIMARY KEY,
    author_id BIGINT REFERENCES author_dim(author_id),
    date_id BIGINT REFERENCES date_dim(date_id),
    price NUMERIC,
    rating VARCHAR,
    title VARCHAR,
    image VARCHAR
);
[2024-12-22T14:56:58.395+0000] {base.py:84} INFO - Retrieving connection 'books_connection'
[2024-12-22T14:56:58.420+0000] {base.py:84} INFO - Retrieving connection 'books_connection'
[2024-12-22T14:56:58.434+0000] {sql.py:553} INFO - Running statement: CREATE TABLE IF NOT EXISTS books (
    book_id SERIAL PRIMARY KEY,
    author_id BIGINT REFERENCES author_dim(author_id),
    date_id BIGINT REFERENCES date_dim(date_id),
    price NUMERIC,
    rating VARCHAR,
    title VARCHAR,
    image VARCHAR
);, parameters: None
[2024-12-22T14:56:58.472+0000] {taskinstance.py:340} INFO - ::group::Post task execution logs
[2024-12-22T14:56:58.479+0000] {taskinstance.py:352} INFO - Marking task as SUCCESS. dag_id=dag_top_best_sellers_books, task_id=create_books_table, run_id=manual__2024-12-22T14:55:10.356955+00:00, execution_date=20241222T145510, start_date=20241222T145656, end_date=20241222T145658
[2024-12-22T14:56:58.588+0000] {local_task_job_runner.py:266} INFO - Task exited with return code 0
[2024-12-22T14:56:59.756+0000] {taskinstance.py:3895} INFO - 1 downstream tasks scheduled from follow-on schedule check
[2024-12-22T14:56:59.763+0000] {local_task_job_runner.py:245} INFO - ::endgroup::
