[2024-12-22T14:53:53.056+0000] {local_task_job_runner.py:123} INFO - ::group::Pre task execution logs
[2024-12-22T14:53:53.085+0000] {taskinstance.py:2613} INFO - Dependencies all met for dep_context=non-requeueable deps ti=<TaskInstance: hello_world_dag.print_hello_task manual__2024-12-22T14:53:46.184310+00:00 [queued]>
[2024-12-22T14:53:53.102+0000] {taskinstance.py:2613} INFO - Dependencies all met for dep_context=requeueable deps ti=<TaskInstance: hello_world_dag.print_hello_task manual__2024-12-22T14:53:46.184310+00:00 [queued]>
[2024-12-22T14:53:53.104+0000] {taskinstance.py:2866} INFO - Starting attempt 1 of 1
[2024-12-22T14:53:53.127+0000] {taskinstance.py:2889} INFO - Executing <Task(PythonOperator): print_hello_task> on 2024-12-22 14:53:46.184310+00:00
[2024-12-22T14:53:53.147+0000] {warnings.py:112} WARNING - /home/***/.local/lib/python3.12/site-packages/***/task/task_runner/standard_task_runner.py:70: DeprecationWarning: This process (pid=99) is multi-threaded, use of fork() may lead to deadlocks in the child.
  pid = os.fork()

[2024-12-22T14:53:53.156+0000] {standard_task_runner.py:72} INFO - Started process 100 to run task
[2024-12-22T14:53:53.151+0000] {standard_task_runner.py:104} INFO - Running: ['***', 'tasks', 'run', 'hello_world_dag', 'print_hello_task', 'manual__2024-12-22T14:53:46.184310+00:00', '--job-id', '3', '--raw', '--subdir', 'DAGS_FOLDER/dag_other.py', '--cfg-path', '/tmp/tmpwr17enpl']
[2024-12-22T14:53:53.160+0000] {standard_task_runner.py:105} INFO - Job 3: Subtask print_hello_task
[2024-12-22T14:53:53.285+0000] {task_command.py:467} INFO - Running <TaskInstance: hello_world_dag.print_hello_task manual__2024-12-22T14:53:46.184310+00:00 [running]> on host c50092bbd7fa
[2024-12-22T14:53:54.064+0000] {taskinstance.py:3132} INFO - Exporting env vars: AIRFLOW_CTX_DAG_OWNER='***' AIRFLOW_CTX_DAG_ID='hello_world_dag' AIRFLOW_CTX_TASK_ID='print_hello_task' AIRFLOW_CTX_EXECUTION_DATE='2024-12-22T14:53:46.184310+00:00' AIRFLOW_CTX_TRY_NUMBER='1' AIRFLOW_CTX_DAG_RUN_ID='manual__2024-12-22T14:53:46.184310+00:00'
[2024-12-22T14:53:54.074+0000] {taskinstance.py:731} INFO - ::endgroup::
[2024-12-22T14:53:54.396+0000] {logging_mixin.py:190} INFO - Hello
[2024-12-22T14:53:54.401+0000] {python.py:240} INFO - Done. Returned value was: None
[2024-12-22T14:53:54.445+0000] {taskinstance.py:340} INFO - ::group::Post task execution logs
[2024-12-22T14:53:54.453+0000] {taskinstance.py:352} INFO - Marking task as SUCCESS. dag_id=hello_world_dag, task_id=print_hello_task, run_id=manual__2024-12-22T14:53:46.184310+00:00, execution_date=20241222T145346, start_date=20241222T145353, end_date=20241222T145354
[2024-12-22T14:53:54.569+0000] {local_task_job_runner.py:266} INFO - Task exited with return code 0
[2024-12-22T14:53:54.645+0000] {taskinstance.py:3895} INFO - 0 downstream tasks scheduled from follow-on schedule check
[2024-12-22T14:53:54.659+0000] {local_task_job_runner.py:245} INFO - ::endgroup::
