[2024-12-22T17:33:57.603+0000] {local_task_job_runner.py:123} INFO - ::group::Pre task execution logs
[2024-12-22T17:33:57.622+0000] {taskinstance.py:2613} INFO - Dependencies all met for dep_context=non-requeueable deps ti=<TaskInstance: dag_top_best_sellers_books.load_data_to_postgres manual__2024-12-22T14:55:10.356955+00:00 [queued]>
[2024-12-22T17:33:57.633+0000] {taskinstance.py:2613} INFO - Dependencies all met for dep_context=requeueable deps ti=<TaskInstance: dag_top_best_sellers_books.load_data_to_postgres manual__2024-12-22T14:55:10.356955+00:00 [queued]>
[2024-12-22T17:33:57.635+0000] {taskinstance.py:2866} INFO - Starting attempt 8 of 9
[2024-12-22T17:33:57.654+0000] {taskinstance.py:2889} INFO - Executing <Task(PythonOperator): load_data_to_postgres> on 2024-12-22 14:55:10.356955+00:00
[2024-12-22T17:33:57.667+0000] {warnings.py:112} WARNING - /home/***/.local/lib/python3.12/site-packages/***/task/task_runner/standard_task_runner.py:70: DeprecationWarning: This process (pid=1707) is multi-threaded, use of fork() may lead to deadlocks in the child.
  pid = os.fork()

[2024-12-22T17:33:57.675+0000] {standard_task_runner.py:72} INFO - Started process 1709 to run task
[2024-12-22T17:33:57.671+0000] {standard_task_runner.py:104} INFO - Running: ['***', 'tasks', 'run', 'dag_top_best_sellers_books', 'load_data_to_postgres', 'manual__2024-12-22T14:55:10.356955+00:00', '--job-id', '52', '--raw', '--subdir', 'DAGS_FOLDER/dag_test.py', '--cfg-path', '/tmp/tmp9oajuq4w']
[2024-12-22T17:33:57.680+0000] {standard_task_runner.py:105} INFO - Job 52: Subtask load_data_to_postgres
[2024-12-22T17:33:57.955+0000] {task_command.py:467} INFO - Running <TaskInstance: dag_top_best_sellers_books.load_data_to_postgres manual__2024-12-22T14:55:10.356955+00:00 [running]> on host c50092bbd7fa
[2024-12-22T17:33:58.046+0000] {taskinstance.py:3132} INFO - Exporting env vars: AIRFLOW_CTX_DAG_OWNER='***' AIRFLOW_CTX_DAG_ID='dag_top_best_sellers_books' AIRFLOW_CTX_TASK_ID='load_data_to_postgres' AIRFLOW_CTX_EXECUTION_DATE='2024-12-22T14:55:10.356955+00:00' AIRFLOW_CTX_TRY_NUMBER='8' AIRFLOW_CTX_DAG_RUN_ID='manual__2024-12-22T14:55:10.356955+00:00'
[2024-12-22T17:33:58.049+0000] {taskinstance.py:731} INFO - ::endgroup::
[2024-12-22T17:33:58.090+0000] {base.py:84} INFO - Retrieving connection 'books_connection'
[2024-12-22T17:33:58.116+0000] {base.py:84} INFO - Retrieving connection 'books_connection'
[2024-12-22T17:33:58.133+0000] {base.py:84} INFO - Retrieving connection 'books_connection'
[2024-12-22T17:33:58.173+0000] {python.py:240} INFO - Done. Returned value was: None
[2024-12-22T17:33:58.188+0000] {taskinstance.py:340} INFO - ::group::Post task execution logs
[2024-12-22T17:33:58.190+0000] {taskinstance.py:352} INFO - Marking task as SUCCESS. dag_id=dag_top_best_sellers_books, task_id=load_data_to_postgres, run_id=manual__2024-12-22T14:55:10.356955+00:00, execution_date=20241222T145510, start_date=20241222T173357, end_date=20241222T173358
[2024-12-22T17:33:58.230+0000] {local_task_job_runner.py:266} INFO - Task exited with return code 0
[2024-12-22T17:33:58.487+0000] {taskinstance.py:3895} INFO - 1 downstream tasks scheduled from follow-on schedule check
[2024-12-22T17:33:58.490+0000] {local_task_job_runner.py:245} INFO - ::endgroup::
