[2024-12-22T17:38:33.718+0000] {local_task_job_runner.py:123} INFO - ::group::Pre task execution logs
[2024-12-22T17:38:33.739+0000] {taskinstance.py:2613} INFO - Dependencies all met for dep_context=non-requeueable deps ti=<TaskInstance: dag_top_best_sellers_books.load_data_to_postgres manual__2024-12-22T17:37:46.953026+00:00 [queued]>
[2024-12-22T17:38:33.751+0000] {taskinstance.py:2613} INFO - Dependencies all met for dep_context=requeueable deps ti=<TaskInstance: dag_top_best_sellers_books.load_data_to_postgres manual__2024-12-22T17:37:46.953026+00:00 [queued]>
[2024-12-22T17:38:33.754+0000] {taskinstance.py:2866} INFO - Starting attempt 1 of 2
[2024-12-22T17:38:33.769+0000] {taskinstance.py:2889} INFO - Executing <Task(PythonOperator): load_data_to_postgres> on 2024-12-22 17:37:46.953026+00:00
[2024-12-22T17:38:33.779+0000] {warnings.py:112} WARNING - /home/***/.local/lib/python3.12/site-packages/***/task/task_runner/standard_task_runner.py:70: DeprecationWarning: This process (pid=1798) is multi-threaded, use of fork() may lead to deadlocks in the child.
  pid = os.fork()

[2024-12-22T17:38:33.786+0000] {standard_task_runner.py:72} INFO - Started process 1800 to run task
[2024-12-22T17:38:33.785+0000] {standard_task_runner.py:104} INFO - Running: ['***', 'tasks', 'run', 'dag_top_best_sellers_books', 'load_data_to_postgres', 'manual__2024-12-22T17:37:46.953026+00:00', '--job-id', '61', '--raw', '--subdir', 'DAGS_FOLDER/dag.py', '--cfg-path', '/tmp/tmpw6ivhn9l']
[2024-12-22T17:38:33.791+0000] {standard_task_runner.py:105} INFO - Job 61: Subtask load_data_to_postgres
[2024-12-22T17:38:34.144+0000] {task_command.py:467} INFO - Running <TaskInstance: dag_top_best_sellers_books.load_data_to_postgres manual__2024-12-22T17:37:46.953026+00:00 [running]> on host c50092bbd7fa
[2024-12-22T17:38:34.255+0000] {taskinstance.py:3132} INFO - Exporting env vars: AIRFLOW_CTX_DAG_OWNER='***' AIRFLOW_CTX_DAG_ID='dag_top_best_sellers_books' AIRFLOW_CTX_TASK_ID='load_data_to_postgres' AIRFLOW_CTX_EXECUTION_DATE='2024-12-22T17:37:46.953026+00:00' AIRFLOW_CTX_TRY_NUMBER='1' AIRFLOW_CTX_DAG_RUN_ID='manual__2024-12-22T17:37:46.953026+00:00'
[2024-12-22T17:38:34.260+0000] {taskinstance.py:731} INFO - ::endgroup::
[2024-12-22T17:38:34.306+0000] {base.py:84} INFO - Retrieving connection 'books_connection'
[2024-12-22T17:38:34.335+0000] {base.py:84} INFO - Retrieving connection 'books_connection'
[2024-12-22T17:38:34.354+0000] {base.py:84} INFO - Retrieving connection 'books_connection'
[2024-12-22T17:38:34.378+0000] {python.py:240} INFO - Done. Returned value was: None
[2024-12-22T17:38:34.391+0000] {taskinstance.py:340} INFO - ::group::Post task execution logs
[2024-12-22T17:38:34.394+0000] {taskinstance.py:352} INFO - Marking task as SUCCESS. dag_id=dag_top_best_sellers_books, task_id=load_data_to_postgres, run_id=manual__2024-12-22T17:37:46.953026+00:00, execution_date=20241222T173746, start_date=20241222T173833, end_date=20241222T173834
[2024-12-22T17:38:34.432+0000] {local_task_job_runner.py:266} INFO - Task exited with return code 0
[2024-12-22T17:38:34.662+0000] {taskinstance.py:3895} INFO - 1 downstream tasks scheduled from follow-on schedule check
[2024-12-22T17:38:34.707+0000] {local_task_job_runner.py:245} INFO - ::endgroup::
