[2024-12-22T17:34:02.475+0000] {local_task_job_runner.py:123} INFO - ::group::Pre task execution logs
[2024-12-22T17:34:02.526+0000] {taskinstance.py:2613} INFO - Dependencies all met for dep_context=non-requeueable deps ti=<TaskInstance: dag_top_best_sellers_books.create_books_analytics_table manual__2024-12-22T14:55:10.356955+00:00 [queued]>
[2024-12-22T17:34:02.558+0000] {taskinstance.py:2613} INFO - Dependencies all met for dep_context=requeueable deps ti=<TaskInstance: dag_top_best_sellers_books.create_books_analytics_table manual__2024-12-22T14:55:10.356955+00:00 [queued]>
[2024-12-22T17:34:02.561+0000] {taskinstance.py:2866} INFO - Starting attempt 1 of 2
[2024-12-22T17:34:02.579+0000] {taskinstance.py:2889} INFO - Executing <Task(PostgresOperator): create_books_analytics_table> on 2024-12-22 14:55:10.356955+00:00
[2024-12-22T17:34:02.590+0000] {warnings.py:112} WARNING - /home/***/.local/lib/python3.12/site-packages/***/task/task_runner/standard_task_runner.py:70: DeprecationWarning: This process (pid=1715) is multi-threaded, use of fork() may lead to deadlocks in the child.
  pid = os.fork()

[2024-12-22T17:34:02.598+0000] {standard_task_runner.py:72} INFO - Started process 1717 to run task
[2024-12-22T17:34:02.595+0000] {standard_task_runner.py:104} INFO - Running: ['***', 'tasks', 'run', 'dag_top_best_sellers_books', 'create_books_analytics_table', 'manual__2024-12-22T14:55:10.356955+00:00', '--job-id', '54', '--raw', '--subdir', 'DAGS_FOLDER/dag_test.py', '--cfg-path', '/tmp/tmpcmifb0ci']
[2024-12-22T17:34:02.603+0000] {standard_task_runner.py:105} INFO - Job 54: Subtask create_books_analytics_table
[2024-12-22T17:34:02.909+0000] {task_command.py:467} INFO - Running <TaskInstance: dag_top_best_sellers_books.create_books_analytics_table manual__2024-12-22T14:55:10.356955+00:00 [running]> on host c50092bbd7fa
[2024-12-22T17:34:03.065+0000] {taskinstance.py:3132} INFO - Exporting env vars: AIRFLOW_CTX_DAG_OWNER='***' AIRFLOW_CTX_DAG_ID='dag_top_best_sellers_books' AIRFLOW_CTX_TASK_ID='create_books_analytics_table' AIRFLOW_CTX_EXECUTION_DATE='2024-12-22T14:55:10.356955+00:00' AIRFLOW_CTX_TRY_NUMBER='1' AIRFLOW_CTX_DAG_RUN_ID='manual__2024-12-22T14:55:10.356955+00:00'
[2024-12-22T17:34:03.071+0000] {taskinstance.py:731} INFO - ::endgroup::
[2024-12-22T17:34:03.091+0000] {sql.py:278} INFO - Executing: CREATE TABLE books_analytics AS
SELECT 
    b.book_id,
    b.title,
    b.price,
    b.rating,
    b.image,
    a.author AS author_name,
    d.date AS publication_date,
    d.year AS publication_year,
    d.month AS publication_month
FROM 
    books b
LEFT JOIN 
    author_dim a ON b.author_id = a.author_id
LEFT JOIN 
    date_dim d ON b.date_id = d.date_id;
[2024-12-22T17:34:03.111+0000] {base.py:84} INFO - Retrieving connection 'books_connection'
[2024-12-22T17:34:03.123+0000] {base.py:84} INFO - Retrieving connection 'books_connection'
[2024-12-22T17:34:03.132+0000] {sql.py:553} INFO - Running statement: CREATE TABLE books_analytics AS
SELECT 
    b.book_id,
    b.title,
    b.price,
    b.rating,
    b.image,
    a.author AS author_name,
    d.date AS publication_date,
    d.year AS publication_year,
    d.month AS publication_month
FROM 
    books b
LEFT JOIN 
    author_dim a ON b.author_id = a.author_id
LEFT JOIN 
    date_dim d ON b.date_id = d.date_id;, parameters: None
[2024-12-22T17:34:03.315+0000] {sql.py:562} INFO - Rows affected: 51
[2024-12-22T17:34:03.429+0000] {taskinstance.py:340} INFO - ::group::Post task execution logs
[2024-12-22T17:34:03.432+0000] {taskinstance.py:352} INFO - Marking task as SUCCESS. dag_id=dag_top_best_sellers_books, task_id=create_books_analytics_table, run_id=manual__2024-12-22T14:55:10.356955+00:00, execution_date=20241222T145510, start_date=20241222T173402, end_date=20241222T173403
[2024-12-22T17:34:03.520+0000] {local_task_job_runner.py:266} INFO - Task exited with return code 0
[2024-12-22T17:34:03.574+0000] {taskinstance.py:3895} INFO - 0 downstream tasks scheduled from follow-on schedule check
[2024-12-22T17:34:03.578+0000] {local_task_job_runner.py:245} INFO - ::endgroup::
