[2024-12-22T17:38:13.584+0000] {local_task_job_runner.py:123} INFO - ::group::Pre task execution logs
[2024-12-22T17:38:13.700+0000] {taskinstance.py:2613} INFO - Dependencies all met for dep_context=non-requeueable deps ti=<TaskInstance: dag_top_best_sellers_books.create_date_dim_table manual__2024-12-22T17:37:46.953026+00:00 [queued]>
[2024-12-22T17:38:13.764+0000] {taskinstance.py:2613} INFO - Dependencies all met for dep_context=requeueable deps ti=<TaskInstance: dag_top_best_sellers_books.create_date_dim_table manual__2024-12-22T17:37:46.953026+00:00 [queued]>
[2024-12-22T17:38:13.771+0000] {taskinstance.py:2866} INFO - Starting attempt 1 of 2
[2024-12-22T17:38:19.943+0000] {taskinstance.py:2889} INFO - Executing <Task(PostgresOperator): create_date_dim_table> on 2024-12-22 17:37:46.953026+00:00
[2024-12-22T17:38:19.979+0000] {warnings.py:112} WARNING - /home/***/.local/lib/python3.12/site-packages/***/task/task_runner/standard_task_runner.py:70: DeprecationWarning: This process (pid=1772) is multi-threaded, use of fork() may lead to deadlocks in the child.
  pid = os.fork()

[2024-12-22T17:38:19.993+0000] {standard_task_runner.py:72} INFO - Started process 1784 to run task
[2024-12-22T17:38:19.996+0000] {standard_task_runner.py:104} INFO - Running: ['***', 'tasks', 'run', 'dag_top_best_sellers_books', 'create_date_dim_table', 'manual__2024-12-22T17:37:46.953026+00:00', '--job-id', '57', '--raw', '--subdir', 'DAGS_FOLDER/dag.py', '--cfg-path', '/tmp/tmpy9vphncl']
[2024-12-22T17:38:20.015+0000] {standard_task_runner.py:105} INFO - Job 57: Subtask create_date_dim_table
[2024-12-22T17:38:20.351+0000] {task_command.py:467} INFO - Running <TaskInstance: dag_top_best_sellers_books.create_date_dim_table manual__2024-12-22T17:37:46.953026+00:00 [running]> on host c50092bbd7fa
[2024-12-22T17:38:20.858+0000] {taskinstance.py:3132} INFO - Exporting env vars: AIRFLOW_CTX_DAG_OWNER='***' AIRFLOW_CTX_DAG_ID='dag_top_best_sellers_books' AIRFLOW_CTX_TASK_ID='create_date_dim_table' AIRFLOW_CTX_EXECUTION_DATE='2024-12-22T17:37:46.953026+00:00' AIRFLOW_CTX_TRY_NUMBER='1' AIRFLOW_CTX_DAG_RUN_ID='manual__2024-12-22T17:37:46.953026+00:00'
[2024-12-22T17:38:20.867+0000] {taskinstance.py:731} INFO - ::endgroup::
[2024-12-22T17:38:20.990+0000] {sql.py:278} INFO - Executing: CREATE TABLE IF NOT EXISTS date_dim (
    date_id SERIAL PRIMARY KEY,  -- Identifiant unique pour chaque date
    date DATE NOT NULL,          -- Date complète
    year INT NOT NULL ,         -- Année (ex. 2024)
    month INT NOT NULL,          -- Mois de l'année (1-12)
    day INT NOT NULL            -- Jour (12)
);
[2024-12-22T17:38:21.038+0000] {base.py:84} INFO - Retrieving connection 'books_connection'
[2024-12-22T17:38:21.078+0000] {base.py:84} INFO - Retrieving connection 'books_connection'
[2024-12-22T17:38:21.102+0000] {sql.py:553} INFO - Running statement: CREATE TABLE IF NOT EXISTS date_dim (
    date_id SERIAL PRIMARY KEY,  -- Identifiant unique pour chaque date
    date DATE NOT NULL,          -- Date complète
    year INT NOT NULL ,         -- Année (ex. 2024)
    month INT NOT NULL,          -- Mois de l'année (1-12)
    day INT NOT NULL            -- Jour (12)
);, parameters: None
[2024-12-22T17:38:21.235+0000] {taskinstance.py:340} INFO - ::group::Post task execution logs
[2024-12-22T17:38:21.239+0000] {taskinstance.py:352} INFO - Marking task as SUCCESS. dag_id=dag_top_best_sellers_books, task_id=create_date_dim_table, run_id=manual__2024-12-22T17:37:46.953026+00:00, execution_date=20241222T173746, start_date=20241222T173813, end_date=20241222T173821
[2024-12-22T17:38:21.339+0000] {local_task_job_runner.py:266} INFO - Task exited with return code 0
[2024-12-22T17:38:21.468+0000] {taskinstance.py:3895} INFO - 1 downstream tasks scheduled from follow-on schedule check
[2024-12-22T17:38:21.480+0000] {local_task_job_runner.py:245} INFO - ::endgroup::
